{"/home/gabriel/Documents/dev/twitterutils/static/fantacitorio.js": {"path":"/home/gabriel/Documents/dev/twitterutils/static/fantacitorio.js","statementMap":{"0":{"start":{"line":2,"column":13},"end":{"line":2,"column":48}},"1":{"start":{"line":4,"column":4},"end":{"line":26,"column":5}},"2":{"start":{"line":5,"column":8},"end":{"line":25,"column":9}},"3":{"start":{"line":6,"column":12},"end":{"line":24,"column":13}},"4":{"start":{"line":7,"column":29},"end":{"line":7,"column":58}},"5":{"start":{"line":8,"column":16},"end":{"line":8,"column":61}},"6":{"start":{"line":11,"column":16},"end":{"line":16,"column":17}},"7":{"start":{"line":12,"column":32},"end":{"line":12,"column":61}},"8":{"start":{"line":13,"column":20},"end":{"line":13,"column":68}},"9":{"start":{"line":14,"column":20},"end":{"line":14,"column":38}},"10":{"start":{"line":15,"column":20},"end":{"line":15,"column":45}},"11":{"start":{"line":18,"column":27},"end":{"line":18,"column":55}},"12":{"start":{"line":19,"column":16},"end":{"line":19,"column":112}},"13":{"start":{"line":20,"column":16},"end":{"line":20,"column":119}},"14":{"start":{"line":21,"column":16},"end":{"line":21,"column":40}},"15":{"start":{"line":23,"column":16},"end":{"line":23,"column":38}},"16":{"start":{"line":30,"column":4},"end":{"line":123,"column":5}},"17":{"start":{"line":31,"column":17},"end":{"line":31,"column":54}},"18":{"start":{"line":34,"column":8},"end":{"line":120,"column":9}},"19":{"start":{"line":36,"column":25},"end":{"line":36,"column":54}},"20":{"start":{"line":37,"column":12},"end":{"line":37,"column":60}},"21":{"start":{"line":40,"column":21},"end":{"line":40,"column":49}},"22":{"start":{"line":41,"column":12},"end":{"line":41,"column":70}},"23":{"start":{"line":42,"column":12},"end":{"line":42,"column":34}},"24":{"start":{"line":45,"column":28},"end":{"line":45,"column":58}},"25":{"start":{"line":46,"column":12},"end":{"line":46,"column":60}},"26":{"start":{"line":48,"column":12},"end":{"line":57,"column":13}},"27":{"start":{"line":49,"column":16},"end":{"line":49,"column":76}},"28":{"start":{"line":50,"column":16},"end":{"line":50,"column":64}},"29":{"start":{"line":51,"column":19},"end":{"line":57,"column":13}},"30":{"start":{"line":52,"column":16},"end":{"line":52,"column":78}},"31":{"start":{"line":53,"column":16},"end":{"line":53,"column":62}},"32":{"start":{"line":55,"column":16},"end":{"line":55,"column":41}},"33":{"start":{"line":56,"column":16},"end":{"line":56,"column":63}},"34":{"start":{"line":59,"column":12},"end":{"line":59,"column":41}},"35":{"start":{"line":63,"column":28},"end":{"line":63,"column":58}},"36":{"start":{"line":64,"column":12},"end":{"line":64,"column":55}},"37":{"start":{"line":65,"column":12},"end":{"line":65,"column":70}},"38":{"start":{"line":66,"column":12},"end":{"line":66,"column":41}},"39":{"start":{"line":70,"column":23},"end":{"line":70,"column":53}},"40":{"start":{"line":71,"column":12},"end":{"line":71,"column":50}},"41":{"start":{"line":72,"column":12},"end":{"line":72,"column":73}},"42":{"start":{"line":73,"column":12},"end":{"line":73,"column":36}},"43":{"start":{"line":75,"column":12},"end":{"line":90,"column":13}},"44":{"start":{"line":76,"column":16},"end":{"line":88,"column":17}},"45":{"start":{"line":77,"column":20},"end":{"line":87,"column":21}},"46":{"start":{"line":78,"column":36},"end":{"line":78,"column":66}},"47":{"start":{"line":79,"column":24},"end":{"line":79,"column":87}},"48":{"start":{"line":80,"column":24},"end":{"line":80,"column":46}},"49":{"start":{"line":81,"column":24},"end":{"line":81,"column":49}},"50":{"start":{"line":83,"column":36},"end":{"line":83,"column":66}},"51":{"start":{"line":84,"column":24},"end":{"line":84,"column":88}},"52":{"start":{"line":85,"column":24},"end":{"line":85,"column":46}},"53":{"start":{"line":86,"column":24},"end":{"line":86,"column":49}},"54":{"start":{"line":93,"column":29},"end":{"line":93,"column":59}},"55":{"start":{"line":94,"column":12},"end":{"line":94,"column":59}},"56":{"start":{"line":97,"column":25},"end":{"line":97,"column":55}},"57":{"start":{"line":98,"column":12},"end":{"line":98,"column":50}},"58":{"start":{"line":101,"column":12},"end":{"line":107,"column":13}},"59":{"start":{"line":102,"column":16},"end":{"line":102,"column":81}},"60":{"start":{"line":103,"column":19},"end":{"line":107,"column":13}},"61":{"start":{"line":104,"column":16},"end":{"line":104,"column":80}},"62":{"start":{"line":106,"column":16},"end":{"line":106,"column":41}},"63":{"start":{"line":109,"column":12},"end":{"line":109,"column":42}},"64":{"start":{"line":111,"column":22},"end":{"line":111,"column":52}},"65":{"start":{"line":112,"column":12},"end":{"line":112,"column":50}},"66":{"start":{"line":113,"column":12},"end":{"line":113,"column":57}},"67":{"start":{"line":115,"column":12},"end":{"line":115,"column":39}},"68":{"start":{"line":117,"column":12},"end":{"line":117,"column":42}},"69":{"start":{"line":119,"column":12},"end":{"line":119,"column":34}},"70":{"start":{"line":122,"column":8},"end":{"line":122,"column":20}},"71":{"start":{"line":123,"column":6},"end":{"line":123,"column":17}},"72":{"start":{"line":126,"column":0},"end":{"line":126,"column":33}}},"fnMap":{"0":{"name":"showTeam","decl":{"start":{"line":1,"column":9},"end":{"line":1,"column":17}},"loc":{"start":{"line":1,"column":27},"end":{"line":27,"column":1}},"line":1},"1":{"name":"showLeaderBoard","decl":{"start":{"line":29,"column":9},"end":{"line":29,"column":24}},"loc":{"start":{"line":29,"column":37},"end":{"line":124,"column":1}},"line":29}},"branchMap":{"0":{"loc":{"start":{"line":4,"column":4},"end":{"line":26,"column":5}},"type":"if","locations":[{"start":{"line":4,"column":4},"end":{"line":26,"column":5}},{"start":{},"end":{}}],"line":4},"1":{"loc":{"start":{"line":6,"column":12},"end":{"line":24,"column":13}},"type":"if","locations":[{"start":{"line":6,"column":12},"end":{"line":24,"column":13}},{"start":{},"end":{}}],"line":6},"2":{"loc":{"start":{"line":6,"column":16},"end":{"line":6,"column":116}},"type":"binary-expr","locations":[{"start":{"line":6,"column":17},"end":{"line":6,"column":63}},{"start":{"line":6,"column":69},"end":{"line":6,"column":115}}],"line":6},"3":{"loc":{"start":{"line":11,"column":16},"end":{"line":16,"column":17}},"type":"if","locations":[{"start":{"line":11,"column":16},"end":{"line":16,"column":17}},{"start":{},"end":{}}],"line":11},"4":{"loc":{"start":{"line":48,"column":12},"end":{"line":57,"column":13}},"type":"if","locations":[{"start":{"line":48,"column":12},"end":{"line":57,"column":13}},{"start":{"line":51,"column":19},"end":{"line":57,"column":13}}],"line":48},"5":{"loc":{"start":{"line":51,"column":19},"end":{"line":57,"column":13}},"type":"if","locations":[{"start":{"line":51,"column":19},"end":{"line":57,"column":13}},{"start":{"line":54,"column":19},"end":{"line":57,"column":13}}],"line":51},"6":{"loc":{"start":{"line":75,"column":12},"end":{"line":90,"column":13}},"type":"if","locations":[{"start":{"line":75,"column":12},"end":{"line":90,"column":13}},{"start":{},"end":{}}],"line":75},"7":{"loc":{"start":{"line":77,"column":20},"end":{"line":87,"column":21}},"type":"if","locations":[{"start":{"line":77,"column":20},"end":{"line":87,"column":21}},{"start":{"line":82,"column":27},"end":{"line":87,"column":21}}],"line":77},"8":{"loc":{"start":{"line":101,"column":12},"end":{"line":107,"column":13}},"type":"if","locations":[{"start":{"line":101,"column":12},"end":{"line":107,"column":13}},{"start":{"line":103,"column":19},"end":{"line":107,"column":13}}],"line":101},"9":{"loc":{"start":{"line":103,"column":19},"end":{"line":107,"column":13}},"type":"if","locations":[{"start":{"line":103,"column":19},"end":{"line":107,"column":13}},{"start":{"line":105,"column":19},"end":{"line":107,"column":13}}],"line":103}},"s":{"0":0,"1":0,"2":0,"3":0,"4":0,"5":0,"6":0,"7":0,"8":0,"9":0,"10":0,"11":0,"12":0,"13":0,"14":0,"15":0,"16":0,"17":0,"18":0,"19":0,"20":0,"21":0,"22":0,"23":0,"24":0,"25":0,"26":0,"27":0,"28":0,"29":0,"30":0,"31":0,"32":0,"33":0,"34":0,"35":0,"36":0,"37":0,"38":0,"39":0,"40":0,"41":0,"42":0,"43":0,"44":0,"45":0,"46":0,"47":0,"48":0,"49":0,"50":0,"51":0,"52":0,"53":0,"54":0,"55":0,"56":0,"57":0,"58":0,"59":0,"60":0,"61":0,"62":0,"63":0,"64":0,"65":0,"66":0,"67":0,"68":0,"69":0,"70":0,"71":0,"72":1},"f":{"0":0,"1":0},"b":{"0":[0,0],"1":[0,0],"2":[0,0],"3":[0,0],"4":[0,0],"5":[0,0],"6":[0,0],"7":[0,0],"8":[0,0],"9":[0,0]},"_coverageSchema":"1a1c01bbd47fc00a2c39e90264f33305004495a9","hash":"d5bee1f92aa92c3f545310fca30f7f6dcd49b848"}
,"/home/gabriel/Documents/dev/twitterutils/static/soccer.js": {"path":"/home/gabriel/Documents/dev/twitterutils/static/soccer.js","statementMap":{"0":{"start":{"line":2,"column":4},"end":{"line":98,"column":5}},"1":{"start":{"line":3,"column":17},"end":{"line":3,"column":56}},"2":{"start":{"line":5,"column":8},"end":{"line":95,"column":9}},"3":{"start":{"line":7,"column":22},"end":{"line":7,"column":50}},"4":{"start":{"line":11,"column":29},"end":{"line":11,"column":63}},"5":{"start":{"line":14,"column":26},"end":{"line":14,"column":44}},"6":{"start":{"line":15,"column":28},"end":{"line":15,"column":51}},"7":{"start":{"line":16,"column":27},"end":{"line":16,"column":49}},"8":{"start":{"line":17,"column":16},"end":{"line":17,"column":53}},"9":{"start":{"line":20,"column":23},"end":{"line":20,"column":51}},"10":{"start":{"line":21,"column":12},"end":{"line":21,"column":51}},"11":{"start":{"line":22,"column":12},"end":{"line":22,"column":48}},"12":{"start":{"line":23,"column":12},"end":{"line":23,"column":33}},"13":{"start":{"line":27,"column":26},"end":{"line":27,"column":54}},"14":{"start":{"line":28,"column":12},"end":{"line":28,"column":52}},"15":{"start":{"line":30,"column":27},"end":{"line":30,"column":56}},"16":{"start":{"line":31,"column":12},"end":{"line":31,"column":57}},"17":{"start":{"line":32,"column":12},"end":{"line":32,"column":42}},"18":{"start":{"line":34,"column":23},"end":{"line":34,"column":53}},"19":{"start":{"line":35,"column":12},"end":{"line":35,"column":65}},"20":{"start":{"line":36,"column":12},"end":{"line":36,"column":37}},"21":{"start":{"line":37,"column":12},"end":{"line":37,"column":41}},"22":{"start":{"line":39,"column":12},"end":{"line":39,"column":36}},"23":{"start":{"line":42,"column":24},"end":{"line":42,"column":52}},"24":{"start":{"line":43,"column":12},"end":{"line":43,"column":51}},"25":{"start":{"line":44,"column":12},"end":{"line":48,"column":13}},"26":{"start":{"line":45,"column":16},"end":{"line":45,"column":39}},"27":{"start":{"line":47,"column":16},"end":{"line":47,"column":89}},"28":{"start":{"line":50,"column":12},"end":{"line":50,"column":34}},"29":{"start":{"line":53,"column":27},"end":{"line":53,"column":55}},"30":{"start":{"line":54,"column":12},"end":{"line":54,"column":54}},"31":{"start":{"line":57,"column":28},"end":{"line":57,"column":57}},"32":{"start":{"line":58,"column":12},"end":{"line":58,"column":58}},"33":{"start":{"line":59,"column":12},"end":{"line":59,"column":43}},"34":{"start":{"line":60,"column":12},"end":{"line":60,"column":43}},"35":{"start":{"line":62,"column":24},"end":{"line":62,"column":54}},"36":{"start":{"line":63,"column":12},"end":{"line":63,"column":66}},"37":{"start":{"line":64,"column":12},"end":{"line":64,"column":39}},"38":{"start":{"line":66,"column":12},"end":{"line":66,"column":37}},"39":{"start":{"line":68,"column":28},"end":{"line":68,"column":56}},"40":{"start":{"line":69,"column":12},"end":{"line":69,"column":56}},"41":{"start":{"line":71,"column":25},"end":{"line":71,"column":56}},"42":{"start":{"line":72,"column":12},"end":{"line":72,"column":34}},"43":{"start":{"line":73,"column":12},"end":{"line":73,"column":33}},"44":{"start":{"line":74,"column":12},"end":{"line":74,"column":69}},"45":{"start":{"line":76,"column":23},"end":{"line":76,"column":53}},"46":{"start":{"line":77,"column":12},"end":{"line":77,"column":35}},"47":{"start":{"line":78,"column":12},"end":{"line":78,"column":32}},"48":{"start":{"line":79,"column":12},"end":{"line":79,"column":46}},"49":{"start":{"line":81,"column":24},"end":{"line":81,"column":55}},"50":{"start":{"line":82,"column":12},"end":{"line":82,"column":48}},"51":{"start":{"line":83,"column":12},"end":{"line":83,"column":42}},"52":{"start":{"line":84,"column":12},"end":{"line":84,"column":31}},"53":{"start":{"line":85,"column":12},"end":{"line":85,"column":29}},"54":{"start":{"line":87,"column":12},"end":{"line":87,"column":31}},"55":{"start":{"line":88,"column":12},"end":{"line":88,"column":30}},"56":{"start":{"line":90,"column":12},"end":{"line":90,"column":39}},"57":{"start":{"line":92,"column":12},"end":{"line":92,"column":38}},"58":{"start":{"line":94,"column":12},"end":{"line":94,"column":31}},"59":{"start":{"line":97,"column":8},"end":{"line":97,"column":20}},"60":{"start":{"line":98,"column":6},"end":{"line":98,"column":17}},"61":{"start":{"line":102,"column":26},"end":{"line":102,"column":92}},"62":{"start":{"line":103,"column":27},"end":{"line":103,"column":93}},"63":{"start":{"line":104,"column":4},"end":{"line":104,"column":110}},"64":{"start":{"line":105,"column":4},"end":{"line":105,"column":111}},"65":{"start":{"line":106,"column":4},"end":{"line":106,"column":75}},"66":{"start":{"line":107,"column":4},"end":{"line":107,"column":69}},"67":{"start":{"line":108,"column":4},"end":{"line":108,"column":74}},"68":{"start":{"line":110,"column":27},"end":{"line":110,"column":93}},"69":{"start":{"line":111,"column":28},"end":{"line":111,"column":94}},"70":{"start":{"line":112,"column":4},"end":{"line":112,"column":113}},"71":{"start":{"line":113,"column":4},"end":{"line":113,"column":114}},"72":{"start":{"line":114,"column":4},"end":{"line":114,"column":77}},"73":{"start":{"line":115,"column":4},"end":{"line":115,"column":68}},"74":{"start":{"line":116,"column":4},"end":{"line":116,"column":76}},"75":{"start":{"line":119,"column":21},"end":{"line":119,"column":87}},"76":{"start":{"line":120,"column":22},"end":{"line":120,"column":88}},"77":{"start":{"line":121,"column":4},"end":{"line":121,"column":95}},"78":{"start":{"line":122,"column":4},"end":{"line":122,"column":96}},"79":{"start":{"line":123,"column":4},"end":{"line":123,"column":65}},"80":{"start":{"line":124,"column":4},"end":{"line":124,"column":56}},"81":{"start":{"line":125,"column":4},"end":{"line":125,"column":64}},"82":{"start":{"line":127,"column":22},"end":{"line":127,"column":88}},"83":{"start":{"line":128,"column":23},"end":{"line":128,"column":89}},"84":{"start":{"line":129,"column":4},"end":{"line":129,"column":98}},"85":{"start":{"line":130,"column":4},"end":{"line":130,"column":99}},"86":{"start":{"line":131,"column":4},"end":{"line":131,"column":67}},"87":{"start":{"line":132,"column":4},"end":{"line":132,"column":66}},"88":{"start":{"line":133,"column":4},"end":{"line":133,"column":66}},"89":{"start":{"line":135,"column":26},"end":{"line":135,"column":92}},"90":{"start":{"line":136,"column":27},"end":{"line":136,"column":93}},"91":{"start":{"line":137,"column":4},"end":{"line":137,"column":110}},"92":{"start":{"line":138,"column":4},"end":{"line":138,"column":111}},"93":{"start":{"line":139,"column":4},"end":{"line":139,"column":75}},"94":{"start":{"line":140,"column":4},"end":{"line":140,"column":66}},"95":{"start":{"line":141,"column":4},"end":{"line":141,"column":74}},"96":{"start":{"line":143,"column":24},"end":{"line":143,"column":90}},"97":{"start":{"line":144,"column":25},"end":{"line":144,"column":91}},"98":{"start":{"line":145,"column":4},"end":{"line":145,"column":72}},"99":{"start":{"line":146,"column":4},"end":{"line":146,"column":74}},"100":{"start":{"line":147,"column":4},"end":{"line":147,"column":71}},"101":{"start":{"line":148,"column":4},"end":{"line":148,"column":69}},"102":{"start":{"line":149,"column":4},"end":{"line":149,"column":70}},"103":{"start":{"line":151,"column":22},"end":{"line":151,"column":88}},"104":{"start":{"line":152,"column":23},"end":{"line":152,"column":89}},"105":{"start":{"line":153,"column":4},"end":{"line":153,"column":98}},"106":{"start":{"line":154,"column":4},"end":{"line":154,"column":99}},"107":{"start":{"line":155,"column":4},"end":{"line":155,"column":67}},"108":{"start":{"line":156,"column":4},"end":{"line":156,"column":58}},"109":{"start":{"line":157,"column":4},"end":{"line":157,"column":66}},"110":{"start":{"line":161,"column":4},"end":{"line":161,"column":30}},"111":{"start":{"line":161,"column":23},"end":{"line":161,"column":28}},"112":{"start":{"line":162,"column":4},"end":{"line":162,"column":30}},"113":{"start":{"line":162,"column":23},"end":{"line":162,"column":28}},"114":{"start":{"line":164,"column":12},"end":{"line":164,"column":29}},"115":{"start":{"line":166,"column":4},"end":{"line":168,"column":34}},"116":{"start":{"line":167,"column":8},"end":{"line":167,"column":53}},"117":{"start":{"line":168,"column":13},"end":{"line":168,"column":32}},"118":{"start":{"line":172,"column":4},"end":{"line":172,"column":101}},"119":{"start":{"line":173,"column":4},"end":{"line":173,"column":95}},"120":{"start":{"line":174,"column":4},"end":{"line":174,"column":102}},"121":{"start":{"line":175,"column":4},"end":{"line":175,"column":96}},"122":{"start":{"line":179,"column":4},"end":{"line":217,"column":5}},"123":{"start":{"line":181,"column":19},"end":{"line":186,"column":9}},"124":{"start":{"line":188,"column":22},"end":{"line":188,"column":62}},"125":{"start":{"line":189,"column":8},"end":{"line":200,"column":9}},"126":{"start":{"line":190,"column":22},"end":{"line":190,"column":50}},"127":{"start":{"line":191,"column":29},"end":{"line":191,"column":57}},"128":{"start":{"line":192,"column":12},"end":{"line":192,"column":62}},"129":{"start":{"line":193,"column":12},"end":{"line":193,"column":39}},"130":{"start":{"line":195,"column":23},"end":{"line":195,"column":51}},"131":{"start":{"line":196,"column":12},"end":{"line":196,"column":61}},"132":{"start":{"line":197,"column":12},"end":{"line":197,"column":33}},"133":{"start":{"line":199,"column":12},"end":{"line":199,"column":36}},"134":{"start":{"line":202,"column":23},"end":{"line":202,"column":64}},"135":{"start":{"line":203,"column":8},"end":{"line":214,"column":9}},"136":{"start":{"line":204,"column":12},"end":{"line":204,"column":46}},"137":{"start":{"line":205,"column":29},"end":{"line":205,"column":57}},"138":{"start":{"line":206,"column":12},"end":{"line":206,"column":62}},"139":{"start":{"line":207,"column":12},"end":{"line":207,"column":39}},"140":{"start":{"line":209,"column":23},"end":{"line":209,"column":51}},"141":{"start":{"line":210,"column":12},"end":{"line":210,"column":61}},"142":{"start":{"line":211,"column":12},"end":{"line":211,"column":33}},"143":{"start":{"line":213,"column":12},"end":{"line":213,"column":37}},"144":{"start":{"line":216,"column":8},"end":{"line":216,"column":20}},"145":{"start":{"line":217,"column":6},"end":{"line":217,"column":17}},"146":{"start":{"line":221,"column":4},"end":{"line":221,"column":140}},"147":{"start":{"line":226,"column":4},"end":{"line":268,"column":5}},"148":{"start":{"line":227,"column":22},"end":{"line":227,"column":59}},"149":{"start":{"line":228,"column":23},"end":{"line":228,"column":61}},"150":{"start":{"line":230,"column":8},"end":{"line":265,"column":9}},"151":{"start":{"line":231,"column":12},"end":{"line":231,"column":46}},"152":{"start":{"line":233,"column":25},"end":{"line":233,"column":53}},"153":{"start":{"line":234,"column":12},"end":{"line":234,"column":63}},"154":{"start":{"line":235,"column":12},"end":{"line":237,"column":13}},"155":{"start":{"line":236,"column":16},"end":{"line":236,"column":72}},"156":{"start":{"line":240,"column":20},"end":{"line":240,"column":48}},"157":{"start":{"line":242,"column":12},"end":{"line":249,"column":27}},"158":{"start":{"line":243,"column":16},"end":{"line":244,"column":123}},"159":{"start":{"line":245,"column":19},"end":{"line":249,"column":27}},"160":{"start":{"line":246,"column":16},"end":{"line":246,"column":213}},"161":{"start":{"line":247,"column":19},"end":{"line":249,"column":27}},"162":{"start":{"line":248,"column":16},"end":{"line":248,"column":128}},"163":{"start":{"line":249,"column":19},"end":{"line":249,"column":27}},"164":{"start":{"line":252,"column":12},"end":{"line":264,"column":13}},"165":{"start":{"line":253,"column":16},"end":{"line":253,"column":53}},"166":{"start":{"line":254,"column":16},"end":{"line":254,"column":58}},"167":{"start":{"line":255,"column":16},"end":{"line":255,"column":39}},"168":{"start":{"line":256,"column":16},"end":{"line":256,"column":34}},"169":{"start":{"line":257,"column":16},"end":{"line":257,"column":40}},"170":{"start":{"line":259,"column":16},"end":{"line":259,"column":51}},"171":{"start":{"line":260,"column":16},"end":{"line":260,"column":56}},"172":{"start":{"line":261,"column":16},"end":{"line":261,"column":34}},"173":{"start":{"line":262,"column":16},"end":{"line":262,"column":39}},"174":{"start":{"line":263,"column":16},"end":{"line":263,"column":36}},"175":{"start":{"line":267,"column":8},"end":{"line":267,"column":20}},"176":{"start":{"line":268,"column":6},"end":{"line":268,"column":17}},"177":{"start":{"line":272,"column":4},"end":{"line":272,"column":28}},"178":{"start":{"line":273,"column":22},"end":{"line":273,"column":56}},"179":{"start":{"line":277,"column":4},"end":{"line":342,"column":5}},"180":{"start":{"line":278,"column":24},"end":{"line":278,"column":57}},"181":{"start":{"line":280,"column":8},"end":{"line":339,"column":9}},"182":{"start":{"line":281,"column":12},"end":{"line":338,"column":13}},"183":{"start":{"line":283,"column":26},"end":{"line":283,"column":55}},"184":{"start":{"line":284,"column":16},"end":{"line":284,"column":71}},"185":{"start":{"line":287,"column":29},"end":{"line":287,"column":58}},"186":{"start":{"line":288,"column":16},"end":{"line":288,"column":56}},"187":{"start":{"line":291,"column":31},"end":{"line":291,"column":60}},"188":{"start":{"line":292,"column":16},"end":{"line":292,"column":59}},"189":{"start":{"line":295,"column":29},"end":{"line":295,"column":58}},"190":{"start":{"line":296,"column":16},"end":{"line":296,"column":55}},"191":{"start":{"line":297,"column":16},"end":{"line":297,"column":46}},"192":{"start":{"line":298,"column":16},"end":{"line":298,"column":66}},"193":{"start":{"line":301,"column":27},"end":{"line":301,"column":55}},"194":{"start":{"line":302,"column":16},"end":{"line":302,"column":74}},"195":{"start":{"line":303,"column":16},"end":{"line":303,"column":46}},"196":{"start":{"line":304,"column":16},"end":{"line":304,"column":39}},"197":{"start":{"line":305,"column":16},"end":{"line":305,"column":42}},"198":{"start":{"line":308,"column":31},"end":{"line":308,"column":59}},"199":{"start":{"line":309,"column":16},"end":{"line":309,"column":81}},"200":{"start":{"line":310,"column":16},"end":{"line":310,"column":60}},"201":{"start":{"line":311,"column":16},"end":{"line":311,"column":46}},"202":{"start":{"line":314,"column":27},"end":{"line":314,"column":54}},"203":{"start":{"line":315,"column":16},"end":{"line":315,"column":71}},"204":{"start":{"line":316,"column":16},"end":{"line":316,"column":46}},"205":{"start":{"line":317,"column":16},"end":{"line":317,"column":42}},"206":{"start":{"line":320,"column":33},"end":{"line":320,"column":62}},"207":{"start":{"line":323,"column":30},"end":{"line":323,"column":48}},"208":{"start":{"line":324,"column":32},"end":{"line":324,"column":55}},"209":{"start":{"line":325,"column":31},"end":{"line":325,"column":53}},"210":{"start":{"line":326,"column":20},"end":{"line":326,"column":57}},"211":{"start":{"line":330,"column":27},"end":{"line":330,"column":57}},"212":{"start":{"line":331,"column":16},"end":{"line":331,"column":54}},"213":{"start":{"line":332,"column":16},"end":{"line":332,"column":154}},"214":{"start":{"line":333,"column":16},"end":{"line":333,"column":42}},"215":{"start":{"line":335,"column":16},"end":{"line":335,"column":44}},"216":{"start":{"line":336,"column":16},"end":{"line":336,"column":34}},"217":{"start":{"line":337,"column":16},"end":{"line":337,"column":42}},"218":{"start":{"line":341,"column":8},"end":{"line":341,"column":20}},"219":{"start":{"line":342,"column":6},"end":{"line":342,"column":17}},"220":{"start":{"line":346,"column":4},"end":{"line":369,"column":5}},"221":{"start":{"line":347,"column":21},"end":{"line":347,"column":58}},"222":{"start":{"line":349,"column":8},"end":{"line":366,"column":9}},"223":{"start":{"line":350,"column":12},"end":{"line":364,"column":13}},"224":{"start":{"line":352,"column":16},"end":{"line":363,"column":17}},"225":{"start":{"line":353,"column":34},"end":{"line":353,"column":63}},"226":{"start":{"line":354,"column":20},"end":{"line":354,"column":56}},"227":{"start":{"line":356,"column":32},"end":{"line":356,"column":61}},"228":{"start":{"line":357,"column":20},"end":{"line":357,"column":160}},"229":{"start":{"line":358,"column":20},"end":{"line":358,"column":39}},"230":{"start":{"line":359,"column":20},"end":{"line":359,"column":56}},"231":{"start":{"line":360,"column":20},"end":{"line":360,"column":86}},"232":{"start":{"line":361,"column":20},"end":{"line":361,"column":46}},"233":{"start":{"line":362,"column":20},"end":{"line":362,"column":47}},"234":{"start":{"line":368,"column":8},"end":{"line":368,"column":20}},"235":{"start":{"line":369,"column":6},"end":{"line":369,"column":17}},"236":{"start":{"line":373,"column":4},"end":{"line":373,"column":57}},"237":{"start":{"line":374,"column":4},"end":{"line":374,"column":45}},"238":{"start":{"line":379,"column":4},"end":{"line":379,"column":24}},"239":{"start":{"line":380,"column":4},"end":{"line":380,"column":24}},"240":{"start":{"line":381,"column":4},"end":{"line":381,"column":24}},"241":{"start":{"line":382,"column":4},"end":{"line":382,"column":26}},"242":{"start":{"line":383,"column":4},"end":{"line":383,"column":25}},"243":{"start":{"line":386,"column":0},"end":{"line":386,"column":30}},"244":{"start":{"line":387,"column":0},"end":{"line":387,"column":28}},"245":{"start":{"line":388,"column":0},"end":{"line":388,"column":28}},"246":{"start":{"line":389,"column":0},"end":{"line":389,"column":30}},"247":{"start":{"line":390,"column":0},"end":{"line":390,"column":28}},"248":{"start":{"line":391,"column":0},"end":{"line":391,"column":29}},"249":{"start":{"line":392,"column":0},"end":{"line":392,"column":29}},"250":{"start":{"line":393,"column":0},"end":{"line":393,"column":29}},"251":{"start":{"line":394,"column":0},"end":{"line":394,"column":28}},"252":{"start":{"line":396,"column":0},"end":{"line":396,"column":29}}},"fnMap":{"0":{"name":"printMatches","decl":{"start":{"line":1,"column":9},"end":{"line":1,"column":21}},"loc":{"start":{"line":1,"column":31},"end":{"line":99,"column":1}},"line":1},"1":{"name":"parseDate","decl":{"start":{"line":13,"column":21},"end":{"line":13,"column":30}},"loc":{"start":{"line":13,"column":41},"end":{"line":18,"column":13}},"line":13},"2":{"name":"printStats","decl":{"start":{"line":101,"column":9},"end":{"line":101,"column":19}},"loc":{"start":{"line":101,"column":30},"end":{"line":158,"column":1}},"line":101},"3":{"name":"percentuale","decl":{"start":{"line":160,"column":9},"end":{"line":160,"column":20}},"loc":{"start":{"line":160,"column":27},"end":{"line":169,"column":1}},"line":160},"4":{"name":"printTeams","decl":{"start":{"line":171,"column":9},"end":{"line":171,"column":19}},"loc":{"start":{"line":171,"column":30},"end":{"line":176,"column":1}},"line":171},"5":{"name":"printLineups","decl":{"start":{"line":178,"column":9},"end":{"line":178,"column":21}},"loc":{"start":{"line":178,"column":32},"end":{"line":218,"column":1}},"line":178},"6":{"name":"printScore","decl":{"start":{"line":220,"column":9},"end":{"line":220,"column":19}},"loc":{"start":{"line":220,"column":30},"end":{"line":222,"column":1}},"line":220},"7":{"name":"printEvents","decl":{"start":{"line":225,"column":9},"end":{"line":225,"column":20}},"loc":{"start":{"line":225,"column":31},"end":{"line":269,"column":1}},"line":225},"8":{"name":"elementScroll","decl":{"start":{"line":271,"column":9},"end":{"line":271,"column":22}},"loc":{"start":{"line":271,"column":32},"end":{"line":274,"column":1}},"line":271},"9":{"name":"printTweets","decl":{"start":{"line":276,"column":9},"end":{"line":276,"column":20}},"loc":{"start":{"line":276,"column":30},"end":{"line":343,"column":1}},"line":276},"10":{"name":"parseDate","decl":{"start":{"line":322,"column":25},"end":{"line":322,"column":34}},"loc":{"start":{"line":322,"column":45},"end":{"line":327,"column":17}},"line":322},"11":{"name":"printImages","decl":{"start":{"line":345,"column":9},"end":{"line":345,"column":20}},"loc":{"start":{"line":345,"column":30},"end":{"line":370,"column":1}},"line":345},"12":{"name":"picsScroll","decl":{"start":{"line":372,"column":9},"end":{"line":372,"column":19}},"loc":{"start":{"line":372,"column":22},"end":{"line":375,"column":1}},"line":372},"13":{"name":"printMatch","decl":{"start":{"line":378,"column":9},"end":{"line":378,"column":19}},"loc":{"start":{"line":378,"column":30},"end":{"line":384,"column":1}},"line":378}},"branchMap":{"0":{"loc":{"start":{"line":44,"column":12},"end":{"line":48,"column":13}},"type":"if","locations":[{"start":{"line":44,"column":12},"end":{"line":48,"column":13}},{"start":{"line":46,"column":19},"end":{"line":48,"column":13}}],"line":44},"1":{"loc":{"start":{"line":44,"column":16},"end":{"line":44,"column":84}},"type":"binary-expr","locations":[{"start":{"line":44,"column":17},"end":{"line":44,"column":47}},{"start":{"line":44,"column":53},"end":{"line":44,"column":83}}],"line":44},"2":{"loc":{"start":{"line":161,"column":4},"end":{"line":161,"column":30}},"type":"if","locations":[{"start":{"line":161,"column":4},"end":{"line":161,"column":30}},{"start":{},"end":{}}],"line":161},"3":{"loc":{"start":{"line":162,"column":4},"end":{"line":162,"column":30}},"type":"if","locations":[{"start":{"line":162,"column":4},"end":{"line":162,"column":30}},{"start":{},"end":{}}],"line":162},"4":{"loc":{"start":{"line":166,"column":4},"end":{"line":168,"column":34}},"type":"if","locations":[{"start":{"line":166,"column":4},"end":{"line":168,"column":34}},{"start":{"line":168,"column":11},"end":{"line":168,"column":34}}],"line":166},"5":{"loc":{"start":{"line":235,"column":12},"end":{"line":237,"column":13}},"type":"if","locations":[{"start":{"line":235,"column":12},"end":{"line":237,"column":13}},{"start":{},"end":{}}],"line":235},"6":{"loc":{"start":{"line":242,"column":12},"end":{"line":249,"column":27}},"type":"if","locations":[{"start":{"line":242,"column":12},"end":{"line":249,"column":27}},{"start":{"line":245,"column":19},"end":{"line":249,"column":27}}],"line":242},"7":{"loc":{"start":{"line":243,"column":31},"end":{"line":244,"column":89}},"type":"cond-expr","locations":[{"start":{"line":243,"column":67},"end":{"line":243,"column":136}},{"start":{"line":244,"column":22},"end":{"line":244,"column":89}}],"line":243},"8":{"loc":{"start":{"line":245,"column":19},"end":{"line":249,"column":27}},"type":"if","locations":[{"start":{"line":245,"column":19},"end":{"line":249,"column":27}},{"start":{"line":247,"column":19},"end":{"line":249,"column":27}}],"line":245},"9":{"loc":{"start":{"line":247,"column":19},"end":{"line":249,"column":27}},"type":"if","locations":[{"start":{"line":247,"column":19},"end":{"line":249,"column":27}},{"start":{"line":249,"column":19},"end":{"line":249,"column":27}}],"line":247},"10":{"loc":{"start":{"line":252,"column":12},"end":{"line":264,"column":13}},"type":"if","locations":[{"start":{"line":252,"column":12},"end":{"line":264,"column":13}},{"start":{"line":258,"column":19},"end":{"line":264,"column":13}}],"line":252},"11":{"loc":{"start":{"line":280,"column":8},"end":{"line":339,"column":9}},"type":"if","locations":[{"start":{"line":280,"column":8},"end":{"line":339,"column":9}},{"start":{},"end":{}}],"line":280},"12":{"loc":{"start":{"line":349,"column":8},"end":{"line":366,"column":9}},"type":"if","locations":[{"start":{"line":349,"column":8},"end":{"line":366,"column":9}},{"start":{},"end":{}}],"line":349},"13":{"loc":{"start":{"line":352,"column":16},"end":{"line":363,"column":17}},"type":"if","locations":[{"start":{"line":352,"column":16},"end":{"line":363,"column":17}},{"start":{},"end":{}}],"line":352},"14":{"loc":{"start":{"line":357,"column":32},"end":{"line":357,"column":160}},"type":"cond-expr","locations":[{"start":{"line":357,"column":77},"end":{"line":357,"column":113}},{"start":{"line":357,"column":116},"end":{"line":357,"column":160}}],"line":357}},"s":{"0":0,"1":0,"2":0,"3":0,"4":0,"5":0,"6":0,"7":0,"8":0,"9":0,"10":0,"11":0,"12":0,"13":0,"14":0,"15":0,"16":0,"17":0,"18":0,"19":0,"20":0,"21":0,"22":0,"23":0,"24":0,"25":0,"26":0,"27":0,"28":0,"29":0,"30":0,"31":0,"32":0,"33":0,"34":0,"35":0,"36":0,"37":0,"38":0,"39":0,"40":0,"41":0,"42":0,"43":0,"44":0,"45":0,"46":0,"47":0,"48":0,"49":0,"50":0,"51":0,"52":0,"53":0,"54":0,"55":0,"56":0,"57":0,"58":0,"59":0,"60":0,"61":0,"62":0,"63":0,"64":0,"65":0,"66":0,"67":0,"68":0,"69":0,"70":0,"71":0,"72":0,"73":0,"74":0,"75":0,"76":0,"77":0,"78":0,"79":0,"80":0,"81":0,"82":0,"83":0,"84":0,"85":0,"86":0,"87":0,"88":0,"89":0,"90":0,"91":0,"92":0,"93":0,"94":0,"95":0,"96":0,"97":0,"98":0,"99":0,"100":0,"101":0,"102":0,"103":0,"104":0,"105":0,"106":0,"107":0,"108":0,"109":0,"110":2,"111":0,"112":2,"113":0,"114":2,"115":2,"116":1,"117":1,"118":0,"119":0,"120":0,"121":0,"122":0,"123":0,"124":0,"125":0,"126":0,"127":0,"128":0,"129":0,"130":0,"131":0,"132":0,"133":0,"134":0,"135":0,"136":0,"137":0,"138":0,"139":0,"140":0,"141":0,"142":0,"143":0,"144":0,"145":0,"146":0,"147":0,"148":0,"149":0,"150":0,"151":0,"152":0,"153":0,"154":0,"155":0,"156":0,"157":0,"158":0,"159":0,"160":0,"161":0,"162":0,"163":0,"164":0,"165":0,"166":0,"167":0,"168":0,"169":0,"170":0,"171":0,"172":0,"173":0,"174":0,"175":0,"176":0,"177":0,"178":0,"179":0,"180":0,"181":0,"182":0,"183":0,"184":0,"185":0,"186":0,"187":0,"188":0,"189":0,"190":0,"191":0,"192":0,"193":0,"194":0,"195":0,"196":0,"197":0,"198":0,"199":0,"200":0,"201":0,"202":0,"203":0,"204":0,"205":0,"206":0,"207":0,"208":0,"209":0,"210":0,"211":0,"212":0,"213":0,"214":0,"215":0,"216":0,"217":0,"218":0,"219":0,"220":0,"221":0,"222":0,"223":0,"224":0,"225":0,"226":0,"227":0,"228":0,"229":0,"230":0,"231":0,"232":0,"233":0,"234":0,"235":0,"236":0,"237":0,"238":0,"239":0,"240":0,"241":0,"242":0,"243":1,"244":1,"245":1,"246":1,"247":1,"248":1,"249":1,"250":1,"251":1,"252":1},"f":{"0":0,"1":0,"2":0,"3":2,"4":0,"5":0,"6":0,"7":0,"8":0,"9":0,"10":0,"11":0,"12":0,"13":0},"b":{"0":[0,0],"1":[0,0],"2":[0,2],"3":[0,2],"4":[1,1],"5":[0,0],"6":[0,0],"7":[0,0],"8":[0,0],"9":[0,0],"10":[0,0],"11":[0,0],"12":[0,0],"13":[0,0],"14":[0,0]},"_coverageSchema":"1a1c01bbd47fc00a2c39e90264f33305004495a9","hash":"917f231decfbd15b9f074556ead4c847e4e239ee"}
}
